RUN	artem2.RecordedSimulation	recordedsimulation	1645385637980	 	3.6.1
USER	FloodIo	START	1645385663890
REQUEST		Open home page	1645385664903	1645385672391	OK	 
USER	FloodIo	START	1645385675657
REQUEST		Open home page	1645385675658	1645385676711	OK	 
REQUEST		Click start button	1645385678137	1645385678634	OK	 
REQUEST		Click start button	1645385678202	1645385678638	OK	 
REQUEST		Select Age	1645385680182	1645385680403	OK	 
REQUEST		Select Age	1645385680376	1645385680964	OK	 
REQUEST		Click next	1645385681566	1645385681821	KO	status.find.in(200,201,202,203,204,205,206,207,208,209,304), found 302
REQUEST		Click next	1645385682017	1645385682239	KO	status.find.in(200,201,202,203,204,205,206,207,208,209,304), found 302
USER	FloodIo	START	1645385687842
REQUEST		Open home page	1645385687843	1645385689378	OK	 
REQUEST		Select Max Order	1645385683631	1645385684533	OK	 
REQUEST		Select Max Order	1645385683504	1645385683732	OK	 
REQUEST		Click start button	1645385690696	1645385690943	OK	 
REQUEST		Post max order	1645385690735	1645385691797	OK	 
REQUEST		Post max order	1645385690740	1645385691795	OK	 
REQUEST		Click next	1645385692801	1645385693017	OK	 
REQUEST		Select Age	1645385692060	1645385693299	OK	 
REQUEST		Click next	1645385693720	1645385693941	OK	 
REQUEST		Click next	1645385694630	1645385694922	KO	status.find.in(200,201,202,203,204,205,206,207,208,209,304), found 302
REQUEST		POST Click next	1645385694805	1645385695019	OK	 
REQUEST		POST Click next	1645385695198	1645385695415	OK	 
REQUEST		Select Max Order	1645385696365	1645385696589	OK	 
REQUEST		Post max order	1645385698081	1645385698298	OK	 
REQUEST		Click next	1645385700060	1645385700304	OK	 
USER	FloodIo	START	1645385699656
REQUEST		Open home page	1645385699657	1645385701415	OK	 
REQUEST		POST Click next	1645385701839	1645385702054	OK	 
REQUEST		Click start button	1645385702753	1645385702988	OK	 
REQUEST		Select Age	1645385704755	1645385704976	OK	 
REQUEST		Click next	1645385706532	1645385706746	KO	status.find.in(200,201,202,203,204,205,206,207,208,209,304), found 302
REQUEST		Select Max Order	1645385707988	1645385708290	OK	 
REQUEST		Get one time token	1645385702057	1645385702272	OK	 
REQUEST		Get one time token	1645385696038	1645385696255	OK	 
REQUEST		Get one time token	1645385696038	1645385696251	OK	 
REQUEST		Post max order	1645385710065	1645385710281	OK	 
REQUEST		Enter one time token	1645385710902	1645385711124	OK	 
USER	FloodIo	START	1645385711656
REQUEST		Enter one time token	1645385711664	1645385711881	OK	 
REQUEST		Enter one time token	1645385711835	1645385712053	OK	 
REQUEST		Click next	1645385711976	1645385712194	OK	 
REQUEST		Click next	1645385712169	1645385712387	KO	status.find.in(200,201,202,203,204,205,206,207,208,209,304), found 302
USER	FloodIo	END	1645385712399
REQUEST		Open home page	1645385711659	1645385712744	OK	 
REQUEST		Click next	1645385713436	1645385713652	KO	status.find.in(200,201,202,203,204,205,206,207,208,209,304), found 302
USER	FloodIo	END	1645385713656
REQUEST		POST Click next	1645385713440	1645385713665	OK	 
REQUEST		Click next	1645385713552	1645385713768	KO	status.find.in(200,201,202,203,204,205,206,207,208,209,304), found 302
USER	FloodIo	END	1645385713774
REQUEST		Get one time token	1645385713668	1645385713880	OK	 
REQUEST		Click start button	1645385714456	1645385714682	OK	 
REQUEST		Enter one time token	1645385715246	1645385715485	OK	 
REQUEST		Select Age	1645385716546	1645385716778	OK	 
REQUEST		Click next	1645385717189	1645385717401	KO	status.find.in(200,201,202,203,204,205,206,207,208,209,304), found 302
USER	FloodIo	END	1645385717404
REQUEST		Click next	1645385718093	1645385718318	KO	status.find.in(200,201,202,203,204,205,206,207,208,209,304), found 302
REQUEST		Select Max Order	1645385720040	1645385720272	OK	 
REQUEST		Post max order	1645385721481	1645385721727	OK	 
REQUEST		Click next	1645385723571	1645385723803	OK	 
REQUEST		POST Click next	1645385725155	1645385725381	OK	 
REQUEST		Get one time token	1645385725384	1645385725607	OK	 
REQUEST		Enter one time token	1645385726610	1645385727859	OK	 
REQUEST		Click next	1645385728934	1645385729158	KO	status.find.in(200,201,202,203,204,205,206,207,208,209,304), found 302
USER	FloodIo	END	1645385729162
