RUN	artem2.RecordedSimulation	recordedsimulation	1645390677249	 	3.6.1
USER	FloodIo	START	1645390679234
REQUEST		Open home page	1645390679288	1645390680247	OK	 
REQUEST		Click start button	1645390682333	1645390682578	OK	 
REQUEST		Select Age	1645390684272	1645390684497	OK	 
REQUEST		Click next	1645390686072	1645390686293	OK	 
REQUEST		Select Max Order	1645390688128	1645390688358	OK	 
REQUEST		Post max order	1645390689644	1645390689867	OK	 
REQUEST		Click next	1645390690946	1645390691169	OK	 
USER	FloodIo	START	1645390691188
REQUEST		Open home page	1645390691190	1645390692102	OK	 
REQUEST		POST Click next	1645390692453	1645390692672	OK	 
REQUEST		Get one time token	1645390692692	1645390692908	OK	 
REQUEST		Click start button	1645390693777	1645390693994	OK	 
REQUEST		Enter one time token	1645390694949	1645390695169	OK	 
REQUEST		Select Age	1645390695556	1645390695778	OK	 
REQUEST		Click next	1645390696882	1645390697102	OK	 
USER	FloodIo	END	1645390697109
REQUEST		Click next	1645390697062	1645390697280	OK	 
REQUEST		Select Max Order	1645390699200	1645390699428	OK	 
REQUEST		Post max order	1645390701297	1645390701522	OK	 
USER	FloodIo	START	1645390703188
REQUEST		Click next	1645390703440	1645390703661	OK	 
REQUEST		Open home page	1645390703190	1645390704091	OK	 
REQUEST		POST Click next	1645390704985	1645390705205	OK	 
REQUEST		Get one time token	1645390705208	1645390705424	OK	 
REQUEST		Click start button	1645390705326	1645390705547	OK	 
REQUEST		Enter one time token	1645390707147	1645390707372	OK	 
REQUEST		Select Age	1645390707456	1645390707682	OK	 
REQUEST		Click next	1645390708451	1645390708669	OK	 
USER	FloodIo	END	1645390708673
REQUEST		Click next	1645390709395	1645390709614	OK	 
REQUEST		Select Max Order	1645390710875	1645390711102	OK	 
REQUEST		Post max order	1645390713083	1645390713302	OK	 
USER	FloodIo	START	1645390715188
REQUEST		Click next	1645390715248	1645390715473	OK	 
REQUEST		Open home page	1645390715189	1645390716113	OK	 
REQUEST		POST Click next	1645390716840	1645390717069	OK	 
REQUEST		Get one time token	1645390717071	1645390717287	OK	 
REQUEST		Click start button	1645390717476	1645390717699	OK	 
REQUEST		Enter one time token	1645390718898	1645390719120	OK	 
REQUEST		Select Age	1645390719313	1645390719541	OK	 
REQUEST		Click next	1645390720527	1645390720748	OK	 
USER	FloodIo	END	1645390720750
REQUEST		Click next	1645390721287	1645390721509	OK	 
REQUEST		Select Max Order	1645390722927	1645390723158	OK	 
REQUEST		Post max order	1645390725000	1645390725222	OK	 
USER	FloodIo	START	1645390727188
REQUEST		Click next	1645390727055	1645390727280	OK	 
REQUEST		Open home page	1645390727189	1645390728142	OK	 
REQUEST		POST Click next	1645390728826	1645390729060	OK	 
REQUEST		Get one time token	1645390729063	1645390729283	OK	 
REQUEST		Click start button	1645390729982	1645390730199	OK	 
REQUEST		Enter one time token	1645390730471	1645390730698	OK	 
REQUEST		Select Age	1645390731300	1645390731524	OK	 
REQUEST		Click next	1645390732024	1645390732247	OK	 
USER	FloodIo	END	1645390732250
REQUEST		Click next	1645390733153	1645390733371	OK	 
REQUEST		Select Max Order	1645390734732	1645390734962	OK	 
REQUEST		Post max order	1645390736871	1645390737091	OK	 
REQUEST		Click next	1645390738908	1645390739129	OK	 
REQUEST		POST Click next	1645390740895	1645390741113	OK	 
REQUEST		Get one time token	1645390741116	1645390741334	OK	 
REQUEST		Enter one time token	1645390742887	1645390743110	OK	 
REQUEST		Click next	1645390744299	1645390744524	OK	 
USER	FloodIo	END	1645390744527
