RUN	FloodIO.FloodIOScenario	floodioscenario	1645391435208	 	3.6.1
USER	FloodIo	START	1645391436988
REQUEST		Open home page	1645391437055	1645391437963	OK	 
REQUEST		Click start button	1645391439569	1645391439793	OK	 
REQUEST		Select Age	1645391441392	1645391441619	OK	 
REQUEST		Click next	1645391443361	1645391443583	OK	 
REQUEST		Select Max Order	1645391445021	1645391445252	OK	 
REQUEST		Post max order	1645391446420	1645391446645	OK	 
REQUEST		Click next	1645391448206	1645391448430	OK	 
USER	FloodIo	START	1645391448942
REQUEST		POST Click next	1645391449518	1645391449743	OK	 
REQUEST		Open home page	1645391448943	1645391449822	OK	 
REQUEST		Get one time token	1645391449764	1645391449983	OK	 
REQUEST		Click start button	1645391451271	1645391451486	OK	 
REQUEST		Enter one time token	1645391451907	1645391452133	OK	 
REQUEST		Select Age	1645391452739	1645391452959	OK	 
REQUEST		Click next	1645391454025	1645391454245	OK	 
USER	FloodIo	END	1645391454252
REQUEST		Click next	1645391454259	1645391454471	OK	 
REQUEST		Select Max Order	1645391456032	1645391456257	OK	 
REQUEST		Post max order	1645391458181	1645391458397	OK	 
REQUEST		Click next	1645391460059	1645391460276	OK	 
USER	FloodIo	START	1645391460943
REQUEST		POST Click next	1645391461408	1645391461625	OK	 
REQUEST		Open home page	1645391460945	1645391461836	OK	 
REQUEST		Get one time token	1645391461629	1645391461841	OK	 
REQUEST		Enter one time token	1645391462980	1645391463200	OK	 
REQUEST		Click start button	1645391463676	1645391463899	OK	 
REQUEST		Select Age	1645391465099	1645391465322	OK	 
REQUEST		Click next	1645391465187	1645391465402	OK	 
USER	FloodIo	END	1645391465406
REQUEST		Click next	1645391466706	1645391466924	OK	 
REQUEST		Select Max Order	1645391468897	1645391469123	OK	 
REQUEST		Post max order	1645391470743	1645391470960	OK	 
REQUEST		Click next	1645391472315	1645391472542	OK	 
USER	FloodIo	START	1645391472942
REQUEST		Open home page	1645391472944	1645391473851	OK	 
REQUEST		POST Click next	1645391473756	1645391473980	OK	 
REQUEST		Get one time token	1645391473985	1645391474201	OK	 
REQUEST		Click start button	1645391475686	1645391475904	OK	 
REQUEST		Enter one time token	1645391475835	1645391476055	OK	 
REQUEST		Select Age	1645391477132	1645391477356	OK	 
REQUEST		Click next	1645391477492	1645391477709	OK	 
USER	FloodIo	END	1645391477714
REQUEST		Click next	1645391478819	1645391479039	OK	 
REQUEST		Select Max Order	1645391480347	1645391480574	OK	 
REQUEST		Post max order	1645391482477	1645391482693	OK	 
REQUEST		Click next	1645391483734	1645391483955	OK	 
USER	FloodIo	START	1645391484942
REQUEST		POST Click next	1645391485133	1645391485351	OK	 
REQUEST		Get one time token	1645391485356	1645391485572	OK	 
REQUEST		Open home page	1645391484944	1645391485839	OK	 
REQUEST		Enter one time token	1645391487294	1645391487513	OK	 
REQUEST		Click start button	1645391487294	1645391487520	OK	 
REQUEST		Select Age	1645391488748	1645391488972	OK	 
REQUEST		Click next	1645391489472	1645391489688	OK	 
USER	FloodIo	END	1645391489690
REQUEST		Click next	1645391490877	1645391491094	OK	 
REQUEST		Select Max Order	1645391492951	1645391493178	OK	 
REQUEST		Post max order	1645391494924	1645391495142	OK	 
REQUEST		Click next	1645391496697	1645391496919	OK	 
REQUEST		POST Click next	1645391498438	1645391498658	OK	 
REQUEST		Get one time token	1645391498660	1645391498876	OK	 
REQUEST		Enter one time token	1645391500010	1645391500230	OK	 
REQUEST		Click next	1645391501836	1645391502053	OK	 
USER	FloodIo	END	1645391502056
